<?xml version="1.0" encoding="UTF-8"?>
<testsuite name="com.relic.numapp.PerformanceTest" tests="3" skipped="0" failures="0" errors="0" timestamp="2020-11-22T21:49:21" hostname="ACER" time="16.938">
  <properties/>
  <testcase name="compareIntegerAndString" classname="com.relic.numapp.PerformanceTest" time="15.802"/>
  <testcase name="compareAutoBoxingAndExplicit" classname="com.relic.numapp.PerformanceTest" time="1.135"/>
  <testcase name="checkIntegerAddress" classname="com.relic.numapp.PerformanceTest" time="0.0"/>
  <system-out><![CDATA[Integer time spent: 0.5
String->Integer by parseInt default size time spent: 2.646
String->Integer by parseInt predefined size time spent: 2.027
String->Integer by new time spent: 2.918
String by default time spent: 1.971
String by predefined size time spent: 0.391
Autoboxing time spent: 0.031
Explicite time spent: 0.078
a: 1234 b: 1234
]]></system-out>
  <system-err><![CDATA[]]></system-err>
</testsuite>
