<?xml version="1.0" encoding="UTF-8"?>
<testsuite name="com.relic.numapp.TcpServerTest" tests="9" skipped="0" failures="0" errors="0" timestamp="2020-11-22T21:49:55" hostname="ACER" time="0.033">
  <properties/>
  <testcase name="testLoadHundredMillion" classname="com.relic.numapp.TcpServerTest" time="0.0"/>
  <testcase name="testMoreThan5Clients" classname="com.relic.numapp.TcpServerTest" time="0.0"/>
  <testcase name="testGetUniqueCount" classname="com.relic.numapp.TcpServerTest" time="0.0"/>
  <testcase name="testGetTotalCount" classname="com.relic.numapp.TcpServerTest" time="0.0"/>
  <testcase name="testLoadTwoMillion" classname="com.relic.numapp.TcpServerTest" time="0.0"/>
  <testcase name="testCleanUpDirectories" classname="com.relic.numapp.TcpServerTest" time="0.0"/>
  <testcase name="testGetDuplicateCount" classname="com.relic.numapp.TcpServerTest" time="0.0"/>
  <testcase name="testLoadTenMillion" classname="com.relic.numapp.TcpServerTest" time="0.001"/>
  <testcase name="testLoadTenThousand" classname="com.relic.numapp.TcpServerTest" time="0.031"/>
  <system-out><![CDATA[time spent for 10000 numbers: 0.031
]]></system-out>
  <system-err><![CDATA[]]></system-err>
</testsuite>
