<?xml version="1.0" encoding="UTF-8"?>
<testsuite name="com.relic.numapp.ServerStarterTest" tests="3" skipped="0" failures="0" errors="0" timestamp="2020-11-22T21:49:38" hostname="ACER" time="0.002">
  <properties/>
  <testcase name="testEnumValue1" classname="com.relic.numapp.ServerStarterTest" time="0.002"/>
  <testcase name="testEnumValue2" classname="com.relic.numapp.ServerStarterTest" time="0.0"/>
  <testcase name="testStart" classname="com.relic.numapp.ServerStarterTest" time="0.0"/>
  <system-out><![CDATA[]]></system-out>
  <system-err><![CDATA[]]></system-err>
</testsuite>
