<?xml version="1.0" encoding="UTF-8"?>
<testsuite name="com.relic.numapp.MergeToFileProcessorTest" tests="1" skipped="0" failures="0" errors="0" timestamp="2020-11-22T21:49:21" hostname="ACER" time="0.003">
  <properties/>
  <testcase name="testProcess" classname="com.relic.numapp.MergeToFileProcessorTest" time="0.003"/>
  <system-out><![CDATA[]]></system-out>
  <system-err><![CDATA[]]></system-err>
</testsuite>
